[2019-11-29T09:41:40.355Z][QUERY]: START TRANSACTION
[2019-11-29T09:41:40.363Z][QUERY]: SELECT 'DROP VIEW IF EXISTS "' || schemaname || '"."' || viewname || '" CASCADE;' as "query" FROM "pg_views" WHERE "schemaname" IN (current_schema()) AND "viewname" NOT IN ('geography_columns', 'geometry_columns', 'raster_columns', 'raster_overviews')
[2019-11-29T09:41:40.377Z][QUERY]: SELECT 'DROP TABLE IF EXISTS "' || schemaname || '"."' || tablename || '" CASCADE;' as "query" FROM "pg_tables" WHERE "schemaname" IN (current_schema()) AND "tablename" NOT IN ('spatial_ref_sys')
[2019-11-29T09:41:40.383Z][QUERY]: SELECT 'DROP TYPE IF EXISTS "' || n.nspname || '"."' || t.typname || '" CASCADE;' as "query" FROM "pg_type" "t" INNER JOIN "pg_enum" "e" ON "e"."enumtypid" = "t"."oid" INNER JOIN "pg_namespace" "n" ON "n"."oid" = "t"."typnamespace" WHERE "n"."nspname" IN (current_schema()) GROUP BY "n"."nspname", "t"."typname"
[2019-11-29T09:41:40.395Z][QUERY]: COMMIT
[2019-11-29T09:42:00.569Z][QUERY]: SELECT "User"."id" AS "User_id", "User"."createdAt" AS "User_createdAt", "User"."name" AS "User_name", "User"."pwhash" AS "User_pwhash", "User"."i" AS "User_i" FROM "user" "User" WHERE "User"."id" IN ($1) -- PARAMETERS: ["0k3jyjvh7huj"]
[2019-11-29T09:42:00.592Z][FAILED QUERY]: SELECT "User"."id" AS "User_id", "User"."createdAt" AS "User_createdAt", "User"."name" AS "User_name", "User"."pwhash" AS "User_pwhash", "User"."i" AS "User_i" FROM "user" "User" WHERE "User"."id" IN ($1) -- PARAMETERS: ["0k3jyjvh7huj"]
[2019-11-29T09:42:00.592Z][QUERY ERROR]: error: リレーション"user"は存在しません
[2019-11-29T09:46:15.270Z][QUERY]: START TRANSACTION
[2019-11-29T09:46:15.275Z][QUERY]: SELECT 'DROP VIEW IF EXISTS "' || schemaname || '"."' || viewname || '" CASCADE;' as "query" FROM "pg_views" WHERE "schemaname" IN (current_schema()) AND "viewname" NOT IN ('geography_columns', 'geometry_columns', 'raster_columns', 'raster_overviews')
[2019-11-29T09:46:15.286Z][QUERY]: SELECT 'DROP TABLE IF EXISTS "' || schemaname || '"."' || tablename || '" CASCADE;' as "query" FROM "pg_tables" WHERE "schemaname" IN (current_schema()) AND "tablename" NOT IN ('spatial_ref_sys')
[2019-11-29T09:46:15.292Z][QUERY]: SELECT 'DROP TYPE IF EXISTS "' || n.nspname || '"."' || t.typname || '" CASCADE;' as "query" FROM "pg_type" "t" INNER JOIN "pg_enum" "e" ON "e"."enumtypid" = "t"."oid" INNER JOIN "pg_namespace" "n" ON "n"."oid" = "t"."typnamespace" WHERE "n"."nspname" IN (current_schema()) GROUP BY "n"."nspname", "t"."typname"
[2019-11-29T09:46:15.300Z][QUERY]: COMMIT
[2019-11-29T09:46:34.282Z][QUERY]: SELECT "User"."id" AS "User_id", "User"."createdAt" AS "User_createdAt", "User"."name" AS "User_name", "User"."pwhash" AS "User_pwhash", "User"."i" AS "User_i" FROM "user" "User" WHERE "User"."id" IN ($1) -- PARAMETERS: ["0k3jypqo7kp1"]
[2019-11-29T09:46:34.288Z][FAILED QUERY]: SELECT "User"."id" AS "User_id", "User"."createdAt" AS "User_createdAt", "User"."name" AS "User_name", "User"."pwhash" AS "User_pwhash", "User"."i" AS "User_i" FROM "user" "User" WHERE "User"."id" IN ($1) -- PARAMETERS: ["0k3jypqo7kp1"]
[2019-11-29T09:46:34.288Z][QUERY ERROR]: error: リレーション"user"は存在しません
[2019-11-29T09:50:05.251Z][QUERY]: START TRANSACTION
[2019-11-29T09:50:05.260Z][QUERY]: SELECT 'DROP VIEW IF EXISTS "' || schemaname || '"."' || viewname || '" CASCADE;' as "query" FROM "pg_views" WHERE "schemaname" IN (current_schema()) AND "viewname" NOT IN ('geography_columns', 'geometry_columns', 'raster_columns', 'raster_overviews')
[2019-11-29T09:50:05.272Z][QUERY]: SELECT 'DROP TABLE IF EXISTS "' || schemaname || '"."' || tablename || '" CASCADE;' as "query" FROM "pg_tables" WHERE "schemaname" IN (current_schema()) AND "tablename" NOT IN ('spatial_ref_sys')
[2019-11-29T09:50:05.279Z][QUERY]: DROP TABLE IF EXISTS "public"."migrations" CASCADE;
[2019-11-29T09:50:05.280Z][QUERY]: DROP TABLE IF EXISTS "public"."user" CASCADE;
[2019-11-29T09:50:05.281Z][QUERY]: DROP TABLE IF EXISTS "public"."company" CASCADE;
[2019-11-29T09:50:05.282Z][QUERY]: DROP TABLE IF EXISTS "public"."bill" CASCADE;
[2019-11-29T09:50:05.282Z][QUERY]: DROP TABLE IF EXISTS "public"."person" CASCADE;
[2019-11-29T09:50:05.283Z][QUERY]: DROP TABLE IF EXISTS "public"."deliver_sheet" CASCADE;
[2019-11-29T09:50:05.284Z][QUERY]: DROP TABLE IF EXISTS "public"."drive_file" CASCADE;
[2019-11-29T09:50:05.285Z][QUERY]: DROP TABLE IF EXISTS "public"."meta" CASCADE;
[2019-11-29T09:50:05.286Z][QUERY]: DROP TABLE IF EXISTS "public"."work" CASCADE;
[2019-11-29T09:50:05.287Z][QUERY]: DROP TABLE IF EXISTS "public"."order" CASCADE;
[2019-11-29T09:50:05.319Z][QUERY]: SELECT 'DROP TYPE IF EXISTS "' || n.nspname || '"."' || t.typname || '" CASCADE;' as "query" FROM "pg_type" "t" INNER JOIN "pg_enum" "e" ON "e"."enumtypid" = "t"."oid" INNER JOIN "pg_namespace" "n" ON "n"."oid" = "t"."typnamespace" WHERE "n"."nspname" IN (current_schema()) GROUP BY "n"."nspname", "t"."typname"
[2019-11-29T09:50:05.330Z][QUERY]: COMMIT
[2019-11-29T09:51:42.752Z][QUERY]: START TRANSACTION
[2019-11-29T09:51:42.756Z][QUERY]: SELECT 'DROP VIEW IF EXISTS "' || schemaname || '"."' || viewname || '" CASCADE;' as "query" FROM "pg_views" WHERE "schemaname" IN (current_schema()) AND "viewname" NOT IN ('geography_columns', 'geometry_columns', 'raster_columns', 'raster_overviews')
[2019-11-29T09:51:42.767Z][QUERY]: SELECT 'DROP TABLE IF EXISTS "' || schemaname || '"."' || tablename || '" CASCADE;' as "query" FROM "pg_tables" WHERE "schemaname" IN (current_schema()) AND "tablename" NOT IN ('spatial_ref_sys')
[2019-11-29T09:51:42.775Z][QUERY]: DROP TABLE IF EXISTS "public"."migrations" CASCADE;
[2019-11-29T09:51:42.776Z][QUERY]: DROP TABLE IF EXISTS "public"."user" CASCADE;
[2019-11-29T09:51:42.777Z][QUERY]: DROP TABLE IF EXISTS "public"."deliver_sheet" CASCADE;
[2019-11-29T09:51:42.778Z][QUERY]: DROP TABLE IF EXISTS "public"."drive_file" CASCADE;
[2019-11-29T09:51:42.779Z][QUERY]: DROP TABLE IF EXISTS "public"."company" CASCADE;
[2019-11-29T09:51:42.781Z][QUERY]: DROP TABLE IF EXISTS "public"."bill" CASCADE;
[2019-11-29T09:51:42.782Z][QUERY]: DROP TABLE IF EXISTS "public"."person" CASCADE;
[2019-11-29T09:51:42.783Z][QUERY]: DROP TABLE IF EXISTS "public"."meta" CASCADE;
[2019-11-29T09:51:42.784Z][QUERY]: DROP TABLE IF EXISTS "public"."work" CASCADE;
[2019-11-29T09:51:42.785Z][QUERY]: DROP TABLE IF EXISTS "public"."order" CASCADE;
[2019-11-29T09:51:42.852Z][QUERY]: SELECT 'DROP TYPE IF EXISTS "' || n.nspname || '"."' || t.typname || '" CASCADE;' as "query" FROM "pg_type" "t" INNER JOIN "pg_enum" "e" ON "e"."enumtypid" = "t"."oid" INNER JOIN "pg_namespace" "n" ON "n"."oid" = "t"."typnamespace" WHERE "n"."nspname" IN (current_schema()) GROUP BY "n"."nspname", "t"."typname"
[2019-11-29T09:51:42.859Z][QUERY]: COMMIT
[2019-11-29T09:52:10.307Z][QUERY]: SELECT "User"."id" AS "User_id", "User"."createdAt" AS "User_createdAt", "User"."name" AS "User_name", "User"."pwhash" AS "User_pwhash", "User"."i" AS "User_i" FROM "user" "User" WHERE "User"."id" IN ($1) -- PARAMETERS: ["0k3jywxyhmon"]
[2019-11-29T09:52:10.313Z][FAILED QUERY]: SELECT "User"."id" AS "User_id", "User"."createdAt" AS "User_createdAt", "User"."name" AS "User_name", "User"."pwhash" AS "User_pwhash", "User"."i" AS "User_i" FROM "user" "User" WHERE "User"."id" IN ($1) -- PARAMETERS: ["0k3jywxyhmon"]
[2019-11-29T09:52:10.313Z][QUERY ERROR]: error: リレーション"user"は存在しません
[2019-11-29T09:54:44.201Z][QUERY]: START TRANSACTION
[2019-11-29T09:54:44.206Z][QUERY]: SELECT 'DROP VIEW IF EXISTS "' || schemaname || '"."' || viewname || '" CASCADE;' as "query" FROM "pg_views" WHERE "schemaname" IN (current_schema()) AND "viewname" NOT IN ('geography_columns', 'geometry_columns', 'raster_columns', 'raster_overviews')
[2019-11-29T09:54:44.219Z][QUERY]: SELECT 'DROP TABLE IF EXISTS "' || schemaname || '"."' || tablename || '" CASCADE;' as "query" FROM "pg_tables" WHERE "schemaname" IN (current_schema()) AND "tablename" NOT IN ('spatial_ref_sys')
[2019-11-29T09:54:44.225Z][QUERY]: SELECT 'DROP TYPE IF EXISTS "' || n.nspname || '"."' || t.typname || '" CASCADE;' as "query" FROM "pg_type" "t" INNER JOIN "pg_enum" "e" ON "e"."enumtypid" = "t"."oid" INNER JOIN "pg_namespace" "n" ON "n"."oid" = "t"."typnamespace" WHERE "n"."nspname" IN (current_schema()) GROUP BY "n"."nspname", "t"."typname"
[2019-11-29T09:54:44.234Z][QUERY]: COMMIT
[2019-11-29T09:54:58.176Z][QUERY]: SELECT "User"."id" AS "User_id", "User"."createdAt" AS "User_createdAt", "User"."name" AS "User_name", "User"."pwhash" AS "User_pwhash", "User"."i" AS "User_i" FROM "user" "User" WHERE "User"."id" IN ($1) -- PARAMETERS: ["0k3jz0jhgxag"]
[2019-11-29T09:54:58.182Z][FAILED QUERY]: SELECT "User"."id" AS "User_id", "User"."createdAt" AS "User_createdAt", "User"."name" AS "User_name", "User"."pwhash" AS "User_pwhash", "User"."i" AS "User_i" FROM "user" "User" WHERE "User"."id" IN ($1) -- PARAMETERS: ["0k3jz0jhgxag"]
[2019-11-29T09:54:58.182Z][QUERY ERROR]: error: リレーション"user"は存在しません
[2019-11-29T10:09:41.686Z][QUERY]: START TRANSACTION
[2019-11-29T10:09:41.693Z][QUERY]: SELECT 'DROP VIEW IF EXISTS "' || schemaname || '"."' || viewname || '" CASCADE;' as "query" FROM "pg_views" WHERE "schemaname" IN (current_schema()) AND "viewname" NOT IN ('geography_columns', 'geometry_columns', 'raster_columns', 'raster_overviews')
[2019-11-29T10:09:41.707Z][QUERY]: SELECT 'DROP TABLE IF EXISTS "' || schemaname || '"."' || tablename || '" CASCADE;' as "query" FROM "pg_tables" WHERE "schemaname" IN (current_schema()) AND "tablename" NOT IN ('spatial_ref_sys')
[2019-11-29T10:09:41.714Z][QUERY]: DROP TABLE IF EXISTS "public"."user" CASCADE;
[2019-11-29T10:09:41.715Z][QUERY]: DROP TABLE IF EXISTS "public"."company" CASCADE;
[2019-11-29T10:09:41.717Z][QUERY]: DROP TABLE IF EXISTS "public"."bill" CASCADE;
[2019-11-29T10:09:41.718Z][QUERY]: DROP TABLE IF EXISTS "public"."person" CASCADE;
[2019-11-29T10:09:41.719Z][QUERY]: DROP TABLE IF EXISTS "public"."deliver_sheet" CASCADE;
[2019-11-29T10:09:41.720Z][QUERY]: DROP TABLE IF EXISTS "public"."drive_file" CASCADE;
[2019-11-29T10:09:41.721Z][QUERY]: DROP TABLE IF EXISTS "public"."meta" CASCADE;
[2019-11-29T10:09:41.722Z][QUERY]: DROP TABLE IF EXISTS "public"."work" CASCADE;
[2019-11-29T10:09:41.723Z][QUERY]: DROP TABLE IF EXISTS "public"."order" CASCADE;
[2019-11-29T10:09:41.724Z][QUERY]: DROP TABLE IF EXISTS "public"."migrations" CASCADE;
[2019-11-29T10:09:41.753Z][QUERY]: SELECT 'DROP TYPE IF EXISTS "' || n.nspname || '"."' || t.typname || '" CASCADE;' as "query" FROM "pg_type" "t" INNER JOIN "pg_enum" "e" ON "e"."enumtypid" = "t"."oid" INNER JOIN "pg_namespace" "n" ON "n"."oid" = "t"."typnamespace" WHERE "n"."nspname" IN (current_schema()) GROUP BY "n"."nspname", "t"."typname"
[2019-11-29T10:09:41.760Z][QUERY]: COMMIT
[2019-11-29T10:37:33.312Z][QUERY]: START TRANSACTION
[2019-11-29T10:37:33.317Z][QUERY]: SELECT 'DROP VIEW IF EXISTS "' || schemaname || '"."' || viewname || '" CASCADE;' as "query" FROM "pg_views" WHERE "schemaname" IN (current_schema()) AND "viewname" NOT IN ('geography_columns', 'geometry_columns', 'raster_columns', 'raster_overviews')
[2019-11-29T10:37:33.330Z][QUERY]: SELECT 'DROP TABLE IF EXISTS "' || schemaname || '"."' || tablename || '" CASCADE;' as "query" FROM "pg_tables" WHERE "schemaname" IN (current_schema()) AND "tablename" NOT IN ('spatial_ref_sys')
[2019-11-29T10:37:33.338Z][QUERY]: DROP TABLE IF EXISTS "public"."migrations" CASCADE;
[2019-11-29T10:37:33.339Z][QUERY]: DROP TABLE IF EXISTS "public"."user" CASCADE;
[2019-11-29T10:37:33.340Z][QUERY]: DROP TABLE IF EXISTS "public"."company" CASCADE;
[2019-11-29T10:37:33.341Z][QUERY]: DROP TABLE IF EXISTS "public"."bill" CASCADE;
[2019-11-29T10:37:33.342Z][QUERY]: DROP TABLE IF EXISTS "public"."person" CASCADE;
[2019-11-29T10:37:33.344Z][QUERY]: DROP TABLE IF EXISTS "public"."deliver_sheet" CASCADE;
[2019-11-29T10:37:33.345Z][QUERY]: DROP TABLE IF EXISTS "public"."drive_file" CASCADE;
[2019-11-29T10:37:33.346Z][QUERY]: DROP TABLE IF EXISTS "public"."meta" CASCADE;
[2019-11-29T10:37:33.346Z][QUERY]: DROP TABLE IF EXISTS "public"."work" CASCADE;
[2019-11-29T10:37:33.347Z][QUERY]: DROP TABLE IF EXISTS "public"."order" CASCADE;
[2019-11-29T10:37:33.402Z][QUERY]: SELECT 'DROP TYPE IF EXISTS "' || n.nspname || '"."' || t.typname || '" CASCADE;' as "query" FROM "pg_type" "t" INNER JOIN "pg_enum" "e" ON "e"."enumtypid" = "t"."oid" INNER JOIN "pg_namespace" "n" ON "n"."oid" = "t"."typnamespace" WHERE "n"."nspname" IN (current_schema()) GROUP BY "n"."nspname", "t"."typname"
[2019-11-29T10:37:33.418Z][QUERY]: COMMIT
[2019-11-29T11:00:11.967Z][QUERY]: START TRANSACTION
[2019-11-29T11:00:11.983Z][QUERY]: SELECT 'DROP VIEW IF EXISTS "' || schemaname || '"."' || viewname || '" CASCADE;' as "query" FROM "pg_views" WHERE "schemaname" IN (current_schema()) AND "viewname" NOT IN ('geography_columns', 'geometry_columns', 'raster_columns', 'raster_overviews')
[2019-11-29T11:00:12.009Z][QUERY]: SELECT 'DROP TABLE IF EXISTS "' || schemaname || '"."' || tablename || '" CASCADE;' as "query" FROM "pg_tables" WHERE "schemaname" IN (current_schema()) AND "tablename" NOT IN ('spatial_ref_sys')
[2019-11-29T11:00:12.030Z][QUERY]: DROP TABLE IF EXISTS "public"."migrations" CASCADE;
[2019-11-29T11:00:12.035Z][QUERY]: DROP TABLE IF EXISTS "public"."user" CASCADE;
[2019-11-29T11:00:12.042Z][QUERY]: DROP TABLE IF EXISTS "public"."company" CASCADE;
[2019-11-29T11:00:12.052Z][QUERY]: DROP TABLE IF EXISTS "public"."bill" CASCADE;
[2019-11-29T11:00:12.056Z][QUERY]: DROP TABLE IF EXISTS "public"."person" CASCADE;
[2019-11-29T11:00:12.058Z][QUERY]: DROP TABLE IF EXISTS "public"."deliver_sheet" CASCADE;
[2019-11-29T11:00:12.060Z][QUERY]: DROP TABLE IF EXISTS "public"."drive_file" CASCADE;
[2019-11-29T11:00:12.061Z][QUERY]: DROP TABLE IF EXISTS "public"."meta" CASCADE;
[2019-11-29T11:00:12.063Z][QUERY]: DROP TABLE IF EXISTS "public"."work" CASCADE;
[2019-11-29T11:00:12.065Z][QUERY]: DROP TABLE IF EXISTS "public"."order" CASCADE;
[2019-11-29T11:00:12.100Z][QUERY]: SELECT 'DROP TYPE IF EXISTS "' || n.nspname || '"."' || t.typname || '" CASCADE;' as "query" FROM "pg_type" "t" INNER JOIN "pg_enum" "e" ON "e"."enumtypid" = "t"."oid" INNER JOIN "pg_namespace" "n" ON "n"."oid" = "t"."typnamespace" WHERE "n"."nspname" IN (current_schema()) GROUP BY "n"."nspname", "t"."typname"
[2019-11-29T11:00:12.116Z][QUERY]: COMMIT
[2019-11-29T11:24:19.946Z][QUERY]: START TRANSACTION
[2019-11-29T11:24:19.951Z][QUERY]: SELECT 'DROP VIEW IF EXISTS "' || schemaname || '"."' || viewname || '" CASCADE;' as "query" FROM "pg_views" WHERE "schemaname" IN (current_schema()) AND "viewname" NOT IN ('geography_columns', 'geometry_columns', 'raster_columns', 'raster_overviews')
[2019-11-29T11:24:19.964Z][QUERY]: SELECT 'DROP TABLE IF EXISTS "' || schemaname || '"."' || tablename || '" CASCADE;' as "query" FROM "pg_tables" WHERE "schemaname" IN (current_schema()) AND "tablename" NOT IN ('spatial_ref_sys')
[2019-11-29T11:24:19.971Z][QUERY]: DROP TABLE IF EXISTS "public"."migrations" CASCADE;
[2019-11-29T11:24:19.973Z][QUERY]: DROP TABLE IF EXISTS "public"."user" CASCADE;
[2019-11-29T11:24:19.974Z][QUERY]: DROP TABLE IF EXISTS "public"."company" CASCADE;
[2019-11-29T11:24:19.975Z][QUERY]: DROP TABLE IF EXISTS "public"."bill" CASCADE;
[2019-11-29T11:24:19.976Z][QUERY]: DROP TABLE IF EXISTS "public"."person" CASCADE;
[2019-11-29T11:24:19.977Z][QUERY]: DROP TABLE IF EXISTS "public"."deliver_sheet" CASCADE;
[2019-11-29T11:24:19.980Z][QUERY]: DROP TABLE IF EXISTS "public"."drive_file" CASCADE;
[2019-11-29T11:24:19.982Z][QUERY]: DROP TABLE IF EXISTS "public"."meta" CASCADE;
[2019-11-29T11:24:19.983Z][QUERY]: DROP TABLE IF EXISTS "public"."work" CASCADE;
[2019-11-29T11:24:19.984Z][QUERY]: DROP TABLE IF EXISTS "public"."order" CASCADE;
[2019-11-29T11:24:20.025Z][QUERY]: SELECT 'DROP TYPE IF EXISTS "' || n.nspname || '"."' || t.typname || '" CASCADE;' as "query" FROM "pg_type" "t" INNER JOIN "pg_enum" "e" ON "e"."enumtypid" = "t"."oid" INNER JOIN "pg_namespace" "n" ON "n"."oid" = "t"."typnamespace" WHERE "n"."nspname" IN (current_schema()) GROUP BY "n"."nspname", "t"."typname"
[2019-11-29T11:24:20.034Z][QUERY]: COMMIT
[2019-11-29T11:24:38.556Z][QUERY]: SELECT "User"."id" AS "User_id", "User"."createdAt" AS "User_createdAt", "User"."name" AS "User_name", "User"."pwhash" AS "User_pwhash", "User"."i" AS "User_i" FROM "user" "User" WHERE "User"."name" = $1 LIMIT 1 -- PARAMETERS: ["user"]
[2019-11-29T11:24:38.577Z][FAILED QUERY]: SELECT "User"."id" AS "User_id", "User"."createdAt" AS "User_createdAt", "User"."name" AS "User_name", "User"."pwhash" AS "User_pwhash", "User"."i" AS "User_i" FROM "user" "User" WHERE "User"."name" = $1 LIMIT 1 -- PARAMETERS: ["user"]
[2019-11-29T11:24:38.577Z][QUERY ERROR]: error: リレーション"user"は存在しません
